18:02:53,530 eyed3 DEBUG eyeD3 version 0.9.6
18:08:12,535 eyed3 DEBUG eyeD3 version 0.9.6
18:08:53,690 eyed3 DEBUG eyeD3 version 0.9.6
18:19:02,699 eyed3 DEBUG eyeD3 version 0.9.6
18:19:32,120 eyed3 DEBUG eyeD3 version 0.9.6
18:38:13,469 eyed3 DEBUG eyeD3 version 0.9.6
22:52:48,906 eyed3 DEBUG eyeD3 version 0.9.6
22:53:32,191 eyed3 DEBUG eyeD3 version 0.9.6
16:14:54,76 eyed3 DEBUG eyeD3 version 0.9.6
16:15:20,916 eyed3 DEBUG eyeD3 version 0.9.6
16:16:07,863 eyed3 DEBUG eyeD3 version 0.9.6
16:16:33,102 eyed3 DEBUG eyeD3 version 0.9.6
16:16:56,848 eyed3 DEBUG eyeD3 version 0.9.6
16:17:09,416 eyed3.id3.headers DEBUG Located ID3 v2 tag
16:17:09,416 eyed3.id3.headers DEBUG TagHeader [major]: 2 
16:17:09,416 eyed3.id3.headers DEBUG TagHeader [minor]: 3 
16:17:09,416 eyed3.id3.headers DEBUG TagHeader [rev]: 0 
16:17:09,416 eyed3.id3.headers DEBUG TagHeader [flags]: unsync(0) extended(0) experimental(0) footer(0)
16:17:09,416 eyed3.id3.headers DEBUG TagHeader [size string]: 0x000a5355
16:17:09,416 eyed3.id3.headers DEBUG TagHeader [size]: 174549 (0x2a9d5)
16:17:09,416 eyed3.id3.frames DEBUG size_left: 174549
16:17:09,416 eyed3.id3.frames DEBUG +++++++++++++++++++++++++++++++++++++++++++++++++
16:17:09,416 eyed3.id3.frames DEBUG FrameSet: Reading Frame #1
16:17:09,416 eyed3.id3.headers DEBUG FrameHeader [start byte]: 10 (0xA)
16:17:09,416 eyed3.id3.headers DEBUG FrameHeader [id]: b'TALB' (0x54414c42)
16:17:09,416 eyed3.id3.headers DEBUG FrameHeader [data size]: 45 (0x2D)
16:17:09,416 eyed3.id3.headers DEBUG FrameHeader [flags]: ta(0) fa(0) ro(0) co(0) en(0) gr(0) un(0) dl(0)
16:17:09,416 eyed3.id3.frames DEBUG FrameSet: Reading 45 (0x2D) bytes of data from byte pos 20 (0x14)
16:17:09,416 eyed3.id3.frames DEBUG FrameSet: 45 bytes of data read
16:17:09,416 eyed3.id3.frames DEBUG createFrame (desc:Album/Movie/Show title) - (2, None, None) - <class 'eyed3.id3.frames.TextFrame'>
16:17:09,416 eyed3.id3.frames DEBUG createFrame 'b'TALB'' with class '<class 'eyed3.id3.frames.TextFrame'>'
16:17:09,416 eyed3.id3.frames DEBUG Unicode encoding: utf_16
16:17:09,416 eyed3.id3.frames DEBUG TextFrame text: STRAY Game Soundtrack
16:17:09,416 eyed3.id3.frames DEBUG size_left: 174494
16:17:09,416 eyed3.id3.frames DEBUG +++++++++++++++++++++++++++++++++++++++++++++++++
16:17:09,416 eyed3.id3.frames DEBUG FrameSet: Reading Frame #2
16:17:09,416 eyed3.id3.headers DEBUG FrameHeader [start byte]: 65 (0x41)
16:17:09,416 eyed3.id3.headers DEBUG FrameHeader [id]: b'TIT2' (0x54495432)
16:17:09,417 eyed3.id3.headers DEBUG FrameHeader [data size]: 27 (0x1B)
16:17:09,417 eyed3.id3.headers DEBUG FrameHeader [flags]: ta(0) fa(0) ro(0) co(0) en(0) gr(0) un(0) dl(0)
16:17:09,417 eyed3.id3.frames DEBUG FrameSet: Reading 27 (0x1B) bytes of data from byte pos 75 (0x4B)
16:17:09,417 eyed3.id3.frames DEBUG FrameSet: 27 bytes of data read
16:17:09,417 eyed3.id3.frames DEBUG createFrame (desc:Title/songname/content description) - (2, None, None) - <class 'eyed3.id3.frames.TextFrame'>
16:17:09,417 eyed3.id3.frames DEBUG createFrame 'b'TIT2'' with class '<class 'eyed3.id3.frames.TextFrame'>'
16:17:09,417 eyed3.id3.frames DEBUG Unicode encoding: utf_16
16:17:09,417 eyed3.id3.frames DEBUG TextFrame text: Slums Part 1
16:17:09,417 eyed3.id3.frames DEBUG size_left: 174457
16:17:09,417 eyed3.id3.frames DEBUG +++++++++++++++++++++++++++++++++++++++++++++++++
16:17:09,417 eyed3.id3.frames DEBUG FrameSet: Reading Frame #3
16:17:09,417 eyed3.id3.headers DEBUG FrameHeader [start byte]: 102 (0x66)
16:17:09,417 eyed3.id3.headers DEBUG FrameHeader [id]: b'TPE1' (0x54504531)
16:17:09,417 eyed3.id3.headers DEBUG FrameHeader [data size]: 33 (0x21)
16:17:09,417 eyed3.id3.headers DEBUG FrameHeader [flags]: ta(0) fa(0) ro(0) co(0) en(0) gr(0) un(0) dl(0)
16:17:09,417 eyed3.id3.frames DEBUG FrameSet: Reading 33 (0x21) bytes of data from byte pos 112 (0x70)
16:17:09,417 eyed3.id3.frames DEBUG FrameSet: 33 bytes of data read
16:17:09,417 eyed3.id3.frames DEBUG createFrame (desc:Lead performer(s)/Soloist(s)) - (2, None, None) - <class 'eyed3.id3.frames.TextFrame'>
16:17:09,418 eyed3.id3.frames DEBUG createFrame 'b'TPE1'' with class '<class 'eyed3.id3.frames.TextFrame'>'
16:17:09,418 eyed3.id3.frames DEBUG Unicode encoding: utf_16
16:17:09,418 eyed3.id3.frames DEBUG TextFrame text: Various Artists
16:17:09,418 eyed3.id3.frames DEBUG size_left: 174414
16:17:09,418 eyed3.id3.frames DEBUG +++++++++++++++++++++++++++++++++++++++++++++++++
16:17:09,418 eyed3.id3.frames DEBUG FrameSet: Reading Frame #4
16:17:09,418 eyed3.id3.headers DEBUG FrameHeader [start byte]: 145 (0x91)
16:17:09,418 eyed3.id3.headers DEBUG FrameHeader [id]: b'TXXX' (0x54585858)
16:17:09,418 eyed3.id3.headers DEBUG FrameHeader [data size]: 23 (0x17)
16:17:09,418 eyed3.id3.headers DEBUG FrameHeader [flags]: ta(0) fa(0) ro(0) co(0) en(0) gr(0) un(0) dl(0)
16:17:09,418 eyed3.id3.frames DEBUG FrameSet: Reading 23 (0x17) bytes of data from byte pos 155 (0x9B)
16:17:09,418 eyed3.id3.frames DEBUG FrameSet: 23 bytes of data read
16:17:09,418 eyed3.id3.frames DEBUG createFrame (desc:User defined text information frame) - (2, None, None) - <class 'eyed3.id3.frames.UserTextFrame'>
16:17:09,418 eyed3.id3.frames DEBUG createFrame 'b'TXXX'' with class '<class 'eyed3.id3.frames.UserTextFrame'>'
16:17:09,418 eyed3.id3.frames DEBUG Unicode encoding: latin_1
16:17:09,418 eyed3.id3.frames DEBUG UserTextFrame description: Software
16:17:09,418 eyed3.id3.frames DEBUG Unicode encoding: latin_1
16:17:09,419 eyed3.id3.frames DEBUG UserTextFrame text: Lavf58.76.100
16:17:09,419 eyed3.id3.frames DEBUG size_left: 174381
16:17:09,419 eyed3.id3.frames DEBUG +++++++++++++++++++++++++++++++++++++++++++++++++
16:17:09,419 eyed3.id3.frames DEBUG FrameSet: Reading Frame #5
16:17:09,419 eyed3.id3.headers DEBUG FrameHeader [start byte]: 178 (0xB2)
16:17:09,419 eyed3.id3.headers DEBUG FrameHeader [id]: b'APIC' (0x41504943)
16:17:09,419 eyed3.id3.headers DEBUG FrameHeader [data size]: 174371 (0x2A923)
16:17:09,419 eyed3.id3.headers DEBUG FrameHeader [flags]: ta(0) fa(0) ro(0) co(0) en(0) gr(0) un(0) dl(0)
16:17:09,419 eyed3.id3.frames DEBUG FrameSet: Reading 174371 (0x2A923) bytes of data from byte pos 188 (0xBC)
16:17:09,419 eyed3.id3.frames DEBUG FrameSet: 174371 bytes of data read
16:17:09,419 eyed3.id3.frames DEBUG createFrame (desc:Attached picture) - (2, None, None) - <class 'eyed3.id3.frames.ImageFrame'>
16:17:09,419 eyed3.id3.frames DEBUG createFrame 'b'APIC'' with class '<class 'eyed3.id3.frames.ImageFrame'>'
16:17:09,419 eyed3.id3.frames DEBUG APIC frame data size: 174371
16:17:09,419 eyed3.id3.frames DEBUG APIC mime type: b'image/jpg'
16:17:09,419 eyed3.id3.frames DEBUG Initial APIC picture type: 3
16:17:09,419 eyed3.id3.frames DEBUG APIC picture type: 3
16:17:09,419 eyed3.id3.frames DEBUG description len: 0
16:17:09,419 eyed3.id3.frames DEBUG image len: 174358
16:17:09,419 eyed3.id3.frames DEBUG Unicode encoding: latin_1
16:17:09,419 eyed3.id3.frames DEBUG APIC description: 
16:17:09,419 eyed3.id3.frames DEBUG APIC image data: 174358 bytes
16:17:09,419 eyed3.id3.tag DEBUG Tag contains 0 bytes of padding.
16:18:10,703 eyed3 DEBUG eyeD3 version 0.9.6
15:30:09,239 eyed3 DEBUG eyeD3 version 0.9.6
15:30:37,266 eyed3 DEBUG eyeD3 version 0.9.6
15:47:24,744 eyed3 DEBUG eyeD3 version 0.9.6
15:54:29,125 eyed3 DEBUG eyeD3 version 0.9.6
15:54:51,611 eyed3 DEBUG eyeD3 version 0.9.6
15:55:50,931 eyed3 DEBUG eyeD3 version 0.9.6
15:55:55,626 eyed3 DEBUG eyeD3 version 0.9.6
15:55:59,561 eyed3 DEBUG eyeD3 version 0.9.6
15:56:49,436 eyed3 DEBUG eyeD3 version 0.9.6
15:57:41,665 eyed3 DEBUG eyeD3 version 0.9.6
15:58:02,526 eyed3 DEBUG eyeD3 version 0.9.6
15:58:28,69 eyed3 DEBUG eyeD3 version 0.9.6
16:00:23,964 eyed3 DEBUG eyeD3 version 0.9.6
16:17:44,937 eyed3 DEBUG eyeD3 version 0.9.6
16:17:50,743 eyed3 DEBUG eyeD3 version 0.9.6
16:18:09,609 eyed3 DEBUG eyeD3 version 0.9.6
20:14:34,194 eyed3 DEBUG eyeD3 version 0.9.6
20:15:08,583 eyed3 DEBUG eyeD3 version 0.9.6
20:15:30,997 eyed3 DEBUG eyeD3 version 0.9.6
20:15:52,216 eyed3 DEBUG eyeD3 version 0.9.6
20:15:55,888 eyed3 DEBUG eyeD3 version 0.9.6
20:22:40,759 eyed3 DEBUG eyeD3 version 0.9.6
20:22:47,171 eyed3 DEBUG eyeD3 version 0.9.6
20:46:22,627 eyed3 DEBUG eyeD3 version 0.9.6
21:00:36,165 eyed3 DEBUG eyeD3 version 0.9.6
21:00:45,450 eyed3 DEBUG eyeD3 version 0.9.6
21:01:09,808 eyed3 DEBUG eyeD3 version 0.9.6
21:01:28,292 eyed3 DEBUG eyeD3 version 0.9.6
21:01:52,226 eyed3 DEBUG eyeD3 version 0.9.6
21:02:08,875 eyed3 DEBUG eyeD3 version 0.9.6
21:02:12,715 eyed3 DEBUG eyeD3 version 0.9.6
21:02:25,708 eyed3 DEBUG eyeD3 version 0.9.6
21:04:17,195 eyed3 DEBUG eyeD3 version 0.9.6
21:04:50,594 eyed3 DEBUG eyeD3 version 0.9.6
21:04:57,609 eyed3 DEBUG eyeD3 version 0.9.6
21:05:51,596 eyed3 DEBUG eyeD3 version 0.9.6
21:06:23,874 eyed3 DEBUG eyeD3 version 0.9.6
21:13:27,134 eyed3 DEBUG eyeD3 version 0.9.6
21:22:39,306 eyed3 DEBUG eyeD3 version 0.9.6
21:22:43,931 eyed3 DEBUG eyeD3 version 0.9.6
21:23:44,840 eyed3 DEBUG eyeD3 version 0.9.6
21:24:17,391 eyed3 DEBUG eyeD3 version 0.9.6
21:25:24,798 eyed3 DEBUG eyeD3 version 0.9.6
21:27:04,83 eyed3 DEBUG eyeD3 version 0.9.6
21:32:24,968 eyed3 DEBUG eyeD3 version 0.9.6
21:32:37,40 eyed3 DEBUG eyeD3 version 0.9.6
21:32:42,808 urllib3.connectionpool DEBUG Starting new HTTPS connection (1): i.ytimg.com:443
21:32:43,9 urllib3.connectionpool DEBUG https://i.ytimg.com:443 "GET /vi/VNBji8TbVwo/maxresdefault.jpg HTTP/1.1" 200 170650
21:33:09,707 eyed3 DEBUG eyeD3 version 0.9.6
21:33:15,842 urllib3.connectionpool DEBUG Starting new HTTPS connection (1): i.ytimg.com:443
21:33:15,989 urllib3.connectionpool DEBUG https://i.ytimg.com:443 "GET /vi/G1T6nx9MunE/maxresdefault.jpg HTTP/1.1" 200 53999
21:33:33,103 eyed3 DEBUG eyeD3 version 0.9.6
21:33:42,820 urllib3.connectionpool DEBUG Starting new HTTPS connection (1): i.ytimg.com:443
21:33:42,966 urllib3.connectionpool DEBUG https://i.ytimg.com:443 "GET /vi/VNBji8TbVwo/maxresdefault.jpg HTTP/1.1" 200 170650
21:33:44,234 urllib3.connectionpool DEBUG Starting new HTTPS connection (1): i.ytimg.com:443
21:33:44,387 urllib3.connectionpool DEBUG https://i.ytimg.com:443 "GET /vi/VNBji8TbVwo/maxresdefault.jpg HTTP/1.1" 200 170650
21:34:00,963 eyed3 DEBUG eyeD3 version 0.9.6
21:34:05,76 urllib3.connectionpool DEBUG Starting new HTTPS connection (1): i.ytimg.com:443
21:34:05,250 urllib3.connectionpool DEBUG https://i.ytimg.com:443 "GET /vi/FUtW4dDXKDM/maxresdefault.jpg HTTP/1.1" 200 103862
21:36:00,213 eyed3 DEBUG eyeD3 version 0.9.6
21:36:06,906 eyed3 DEBUG eyeD3 version 0.9.6
21:36:11,854 urllib3.connectionpool DEBUG Starting new HTTPS connection (1): i.ytimg.com:443
21:36:12,32 urllib3.connectionpool DEBUG https://i.ytimg.com:443 "GET /vi/VNBji8TbVwo/maxresdefault.jpg HTTP/1.1" 200 170650
21:36:42,782 eyed3 DEBUG eyeD3 version 0.9.6
21:36:48,816 urllib3.connectionpool DEBUG Starting new HTTPS connection (1): i.ytimg.com:443
21:36:48,990 urllib3.connectionpool DEBUG https://i.ytimg.com:443 "GET /vi/tYGWAH8p5a4/maxresdefault.jpg HTTP/1.1" 200 86890
21:36:53,574 eyed3.id3.headers DEBUG Located ID3 v2 tag
21:36:53,574 eyed3.id3.headers DEBUG TagHeader [major]: 2 
21:36:53,574 eyed3.id3.headers DEBUG TagHeader [minor]: 3 
21:36:53,574 eyed3.id3.headers DEBUG TagHeader [rev]: 0 
21:36:53,574 eyed3.id3.headers DEBUG TagHeader [flags]: unsync(0) extended(0) experimental(0) footer(0)
21:36:53,574 eyed3.id3.headers DEBUG TagHeader [size string]: 0x000a5355
21:36:53,574 eyed3.id3.headers DEBUG TagHeader [size]: 174549 (0x2a9d5)
21:36:53,574 eyed3.id3.frames DEBUG size_left: 174549
21:36:53,574 eyed3.id3.frames DEBUG +++++++++++++++++++++++++++++++++++++++++++++++++
21:36:53,574 eyed3.id3.frames DEBUG FrameSet: Reading Frame #1
21:36:53,574 eyed3.id3.headers DEBUG FrameHeader [start byte]: 10 (0xA)
21:36:53,574 eyed3.id3.headers DEBUG FrameHeader [id]: b'TALB' (0x54414c42)
21:36:53,574 eyed3.id3.headers DEBUG FrameHeader [data size]: 45 (0x2D)
21:36:53,574 eyed3.id3.headers DEBUG FrameHeader [flags]: ta(0) fa(0) ro(0) co(0) en(0) gr(0) un(0) dl(0)
21:36:53,574 eyed3.id3.frames DEBUG FrameSet: Reading 45 (0x2D) bytes of data from byte pos 20 (0x14)
21:36:53,574 eyed3.id3.frames DEBUG FrameSet: 45 bytes of data read
21:36:53,574 eyed3.id3.frames DEBUG createFrame (desc:Album/Movie/Show title) - (2, None, None) - <class 'eyed3.id3.frames.TextFrame'>
21:36:53,574 eyed3.id3.frames DEBUG createFrame 'b'TALB'' with class '<class 'eyed3.id3.frames.TextFrame'>'
21:36:53,574 eyed3.id3.frames DEBUG Unicode encoding: utf_16
21:36:53,575 eyed3.id3.frames DEBUG TextFrame text: STRAY Game Soundtrack
21:36:53,575 eyed3.id3.frames DEBUG size_left: 174494
21:36:53,575 eyed3.id3.frames DEBUG +++++++++++++++++++++++++++++++++++++++++++++++++
21:36:53,575 eyed3.id3.frames DEBUG FrameSet: Reading Frame #2
21:36:53,575 eyed3.id3.headers DEBUG FrameHeader [start byte]: 65 (0x41)
21:36:53,575 eyed3.id3.headers DEBUG FrameHeader [id]: b'TIT2' (0x54495432)
21:36:53,575 eyed3.id3.headers DEBUG FrameHeader [data size]: 27 (0x1B)
21:36:53,575 eyed3.id3.headers DEBUG FrameHeader [flags]: ta(0) fa(0) ro(0) co(0) en(0) gr(0) un(0) dl(0)
21:36:53,575 eyed3.id3.frames DEBUG FrameSet: Reading 27 (0x1B) bytes of data from byte pos 75 (0x4B)
21:36:53,575 eyed3.id3.frames DEBUG FrameSet: 27 bytes of data read
21:36:53,575 eyed3.id3.frames DEBUG createFrame (desc:Title/songname/content description) - (2, None, None) - <class 'eyed3.id3.frames.TextFrame'>
21:36:53,575 eyed3.id3.frames DEBUG createFrame 'b'TIT2'' with class '<class 'eyed3.id3.frames.TextFrame'>'
21:36:53,575 eyed3.id3.frames DEBUG Unicode encoding: utf_16
21:36:53,575 eyed3.id3.frames DEBUG TextFrame text: Slums Part 1
21:36:53,575 eyed3.id3.frames DEBUG size_left: 174457
21:36:53,575 eyed3.id3.frames DEBUG +++++++++++++++++++++++++++++++++++++++++++++++++
21:36:53,575 eyed3.id3.frames DEBUG FrameSet: Reading Frame #3
21:36:53,575 eyed3.id3.headers DEBUG FrameHeader [start byte]: 102 (0x66)
21:36:53,576 eyed3.id3.headers DEBUG FrameHeader [id]: b'TPE1' (0x54504531)
21:36:53,576 eyed3.id3.headers DEBUG FrameHeader [data size]: 33 (0x21)
21:36:53,576 eyed3.id3.headers DEBUG FrameHeader [flags]: ta(0) fa(0) ro(0) co(0) en(0) gr(0) un(0) dl(0)
21:36:53,576 eyed3.id3.frames DEBUG FrameSet: Reading 33 (0x21) bytes of data from byte pos 112 (0x70)
21:36:53,576 eyed3.id3.frames DEBUG FrameSet: 33 bytes of data read
21:36:53,576 eyed3.id3.frames DEBUG createFrame (desc:Lead performer(s)/Soloist(s)) - (2, None, None) - <class 'eyed3.id3.frames.TextFrame'>
21:36:53,576 eyed3.id3.frames DEBUG createFrame 'b'TPE1'' with class '<class 'eyed3.id3.frames.TextFrame'>'
21:36:53,576 eyed3.id3.frames DEBUG Unicode encoding: utf_16
21:36:53,576 eyed3.id3.frames DEBUG TextFrame text: Various Artists
21:36:53,576 eyed3.id3.frames DEBUG size_left: 174414
21:36:53,576 eyed3.id3.frames DEBUG +++++++++++++++++++++++++++++++++++++++++++++++++
21:36:53,576 eyed3.id3.frames DEBUG FrameSet: Reading Frame #4
21:36:53,576 eyed3.id3.headers DEBUG FrameHeader [start byte]: 145 (0x91)
21:36:53,576 eyed3.id3.headers DEBUG FrameHeader [id]: b'TXXX' (0x54585858)
21:36:53,576 eyed3.id3.headers DEBUG FrameHeader [data size]: 23 (0x17)
21:36:53,576 eyed3.id3.headers DEBUG FrameHeader [flags]: ta(0) fa(0) ro(0) co(0) en(0) gr(0) un(0) dl(0)
21:36:53,576 eyed3.id3.frames DEBUG FrameSet: Reading 23 (0x17) bytes of data from byte pos 155 (0x9B)
21:36:53,576 eyed3.id3.frames DEBUG FrameSet: 23 bytes of data read
21:36:53,576 eyed3.id3.frames DEBUG createFrame (desc:User defined text information frame) - (2, None, None) - <class 'eyed3.id3.frames.UserTextFrame'>
21:36:53,577 eyed3.id3.frames DEBUG createFrame 'b'TXXX'' with class '<class 'eyed3.id3.frames.UserTextFrame'>'
21:36:53,577 eyed3.id3.frames DEBUG Unicode encoding: latin_1
21:36:53,577 eyed3.id3.frames DEBUG UserTextFrame description: Software
21:36:53,577 eyed3.id3.frames DEBUG Unicode encoding: latin_1
21:36:53,577 eyed3.id3.frames DEBUG UserTextFrame text: Lavf58.76.100
21:36:53,577 eyed3.id3.frames DEBUG size_left: 174381
21:36:53,577 eyed3.id3.frames DEBUG +++++++++++++++++++++++++++++++++++++++++++++++++
21:36:53,577 eyed3.id3.frames DEBUG FrameSet: Reading Frame #5
21:36:53,577 eyed3.id3.headers DEBUG FrameHeader [start byte]: 178 (0xB2)
21:36:53,577 eyed3.id3.headers DEBUG FrameHeader [id]: b'APIC' (0x41504943)
21:36:53,577 eyed3.id3.headers DEBUG FrameHeader [data size]: 174371 (0x2A923)
21:36:53,577 eyed3.id3.headers DEBUG FrameHeader [flags]: ta(0) fa(0) ro(0) co(0) en(0) gr(0) un(0) dl(0)
21:36:53,577 eyed3.id3.frames DEBUG FrameSet: Reading 174371 (0x2A923) bytes of data from byte pos 188 (0xBC)
21:36:53,577 eyed3.id3.frames DEBUG FrameSet: 174371 bytes of data read
21:36:53,577 eyed3.id3.frames DEBUG createFrame (desc:Attached picture) - (2, None, None) - <class 'eyed3.id3.frames.ImageFrame'>
21:36:53,577 eyed3.id3.frames DEBUG createFrame 'b'APIC'' with class '<class 'eyed3.id3.frames.ImageFrame'>'
21:36:53,577 eyed3.id3.frames DEBUG APIC frame data size: 174371
21:36:53,577 eyed3.id3.frames DEBUG APIC mime type: b'image/jpg'
21:36:53,577 eyed3.id3.frames DEBUG Initial APIC picture type: 3
21:36:53,577 eyed3.id3.frames DEBUG APIC picture type: 3
21:36:53,577 eyed3.id3.frames DEBUG description len: 0
21:36:53,577 eyed3.id3.frames DEBUG image len: 174358
21:36:53,577 eyed3.id3.frames DEBUG Unicode encoding: latin_1
21:36:53,577 eyed3.id3.frames DEBUG APIC description: 
21:36:53,577 eyed3.id3.frames DEBUG APIC image data: 174358 bytes
21:36:53,577 eyed3.id3.tag DEBUG Tag contains 0 bytes of padding.
21:36:56,824 urllib3.connectionpool DEBUG Starting new HTTPS connection (1): i.ytimg.com:443
21:36:56,991 urllib3.connectionpool DEBUG https://i.ytimg.com:443 "GET /vi/aB-W0x_jItw/maxresdefault.jpg HTTP/1.1" 200 43857
21:37:05,402 urllib3.connectionpool DEBUG Starting new HTTPS connection (1): i.ytimg.com:443
21:37:05,551 urllib3.connectionpool DEBUG https://i.ytimg.com:443 "GET /vi/G1T6nx9MunE/maxresdefault.jpg HTTP/1.1" 200 53999
21:37:08,375 urllib3.connectionpool DEBUG Starting new HTTPS connection (1): i.ytimg.com:443
21:37:08,502 urllib3.connectionpool DEBUG https://i.ytimg.com:443 "GET /vi/8i-pqNXtVtc/maxresdefault.jpg HTTP/1.1" 200 25128
21:37:20,375 urllib3.connectionpool DEBUG Starting new HTTPS connection (1): i.ytimg.com:443
21:37:20,531 urllib3.connectionpool DEBUG https://i.ytimg.com:443 "GET /vi/xd4xOkfn0PY/maxresdefault.jpg HTTP/1.1" 200 98919
21:37:23,211 urllib3.connectionpool DEBUG Starting new HTTPS connection (1): i.ytimg.com:443
21:37:23,336 urllib3.connectionpool DEBUG https://i.ytimg.com:443 "GET /vi/fBM-Ld2YyRw/maxresdefault.jpg HTTP/1.1" 200 115429
21:37:45,716 urllib3.connectionpool DEBUG Starting new HTTPS connection (1): i.ytimg.com:443
21:37:45,869 urllib3.connectionpool DEBUG https://i.ytimg.com:443 "GET /vi/fBM-Ld2YyRw/maxresdefault.jpg HTTP/1.1" 200 115429
21:37:48,981 urllib3.connectionpool DEBUG Starting new HTTPS connection (1): i.ytimg.com:443
21:37:49,114 urllib3.connectionpool DEBUG https://i.ytimg.com:443 "GET /vi/I01jIJa9Zbs/maxresdefault.jpg HTTP/1.1" 200 81654
21:38:37,939 urllib3.connectionpool DEBUG Starting new HTTPS connection (1): i.ytimg.com:443
21:38:38,97 urllib3.connectionpool DEBUG https://i.ytimg.com:443 "GET /vi/qn4hQufHVsE/maxresdefault.jpg HTTP/1.1" 200 117644
21:38:44,806 urllib3.connectionpool DEBUG Starting new HTTPS connection (1): i.ytimg.com:443
21:38:44,948 urllib3.connectionpool DEBUG https://i.ytimg.com:443 "GET /vi/gs9kpATIXeo/maxresdefault.jpg HTTP/1.1" 200 99676
21:39:31,569 urllib3.connectionpool DEBUG Starting new HTTPS connection (1): i.ytimg.com:443
21:39:31,751 urllib3.connectionpool DEBUG https://i.ytimg.com:443 "GET /vi/QEG4iEjpFRs/maxresdefault.jpg HTTP/1.1" 200 111940
21:39:41,505 urllib3.connectionpool DEBUG Starting new HTTPS connection (1): i.ytimg.com:443
21:39:41,658 urllib3.connectionpool DEBUG https://i.ytimg.com:443 "GET /vi/8CYy9jNmpXM/maxresdefault.jpg HTTP/1.1" 200 90625
21:40:32,560 eyed3 DEBUG eyeD3 version 0.9.6
21:40:38,675 urllib3.connectionpool DEBUG Starting new HTTPS connection (1): i.ytimg.com:443
21:40:38,830 urllib3.connectionpool DEBUG https://i.ytimg.com:443 "GET /vi/oG-4Uvhm4lI/maxresdefault.jpg HTTP/1.1" 200 81436
21:40:42,13 urllib3.connectionpool DEBUG Starting new HTTPS connection (1): i.ytimg.com:443
21:40:42,181 urllib3.connectionpool DEBUG https://i.ytimg.com:443 "GET /vi/x7HkWuWSLQQ/maxresdefault.jpg HTTP/1.1" 200 26866
21:41:09,790 urllib3.connectionpool DEBUG Starting new HTTPS connection (1): i.ytimg.com:443
21:41:09,967 urllib3.connectionpool DEBUG https://i.ytimg.com:443 "GET /vi/3gXKwfPEWE8/maxresdefault.jpg HTTP/1.1" 200 25128
21:41:11,491 urllib3.connectionpool DEBUG Starting new HTTPS connection (1): i.ytimg.com:443
21:41:11,660 urllib3.connectionpool DEBUG https://i.ytimg.com:443 "GET /vi/cWH7IPwb3Rs/maxresdefault.jpg HTTP/1.1" 200 25128
13:36:51,913 eyed3 DEBUG eyeD3 version 0.9.6
14:02:25,117 eyed3 DEBUG eyeD3 version 0.9.6
11:53:07,655 eyed3 DEBUG eyeD3 version 0.9.6
11:53:17,300 urllib3.connectionpool DEBUG Starting new HTTPS connection (1): i.ytimg.com:443
11:53:17,462 urllib3.connectionpool DEBUG https://i.ytimg.com:443 "GET /vi/b8-7782rwaI/maxresdefault.jpg HTTP/1.1" 200 46311
11:53:35,4 eyed3 DEBUG eyeD3 version 0.9.6
11:53:40,692 urllib3.connectionpool DEBUG Starting new HTTPS connection (1): i.ytimg.com:443
11:53:40,877 urllib3.connectionpool DEBUG https://i.ytimg.com:443 "GET /vi/2plMctf_OxM/maxresdefault.jpg HTTP/1.1" 404 1097
11:53:49,788 urllib3.connectionpool DEBUG Starting new HTTPS connection (1): i.ytimg.com:443
11:53:49,934 urllib3.connectionpool DEBUG https://i.ytimg.com:443 "GET /vi/G1T6nx9MunE/maxresdefault.jpg HTTP/1.1" 200 53999
11:57:31,507 urllib3.connectionpool DEBUG Starting new HTTPS connection (1): i.ytimg.com:443
11:57:31,682 urllib3.connectionpool DEBUG https://i.ytimg.com:443 "GET /vi/xdwWCl_5x2s/maxresdefault.jpg HTTP/1.1" 200 49726
11:57:38,845 urllib3.connectionpool DEBUG Starting new HTTPS connection (1): i.ytimg.com:443
11:57:39,13 urllib3.connectionpool DEBUG https://i.ytimg.com:443 "GET /vi/c_FDWJDFq7U/maxresdefault.jpg HTTP/1.1" 200 11942
11:57:39,876 urllib3.connectionpool DEBUG Starting new HTTPS connection (1): i.ytimg.com:443
11:57:40,77 urllib3.connectionpool DEBUG https://i.ytimg.com:443 "GET /vi/c_FDWJDFq7U/maxresdefault.jpg HTTP/1.1" 200 11942
11:58:23,330 urllib3.connectionpool DEBUG Starting new HTTPS connection (1): i.ytimg.com:443
11:58:23,474 urllib3.connectionpool DEBUG https://i.ytimg.com:443 "GET /vi/MYzB3AbK00g/maxresdefault.jpg HTTP/1.1" 200 75046
11:58:57,237 urllib3.connectionpool DEBUG Starting new HTTPS connection (1): i.ytimg.com:443
11:58:57,413 urllib3.connectionpool DEBUG https://i.ytimg.com:443 "GET /vi/jtXBocMpnaM/maxresdefault.jpg HTTP/1.1" 200 130415
11:59:02,417 urllib3.connectionpool DEBUG Starting new HTTPS connection (1): i.ytimg.com:443
11:59:02,580 urllib3.connectionpool DEBUG https://i.ytimg.com:443 "GET /vi/rH3SElTHL0Y/maxresdefault.jpg HTTP/1.1" 200 64546
11:59:13,282 urllib3.connectionpool DEBUG Starting new HTTPS connection (1): i.ytimg.com:443
11:59:13,461 urllib3.connectionpool DEBUG https://i.ytimg.com:443 "GET /vi/eyn7E2aoER8/maxresdefault.jpg HTTP/1.1" 200 68516
11:59:18,789 urllib3.connectionpool DEBUG Starting new HTTPS connection (1): i.ytimg.com:443
11:59:18,973 urllib3.connectionpool DEBUG https://i.ytimg.com:443 "GET /vi/qquO8P8tw5Q/maxresdefault.jpg HTTP/1.1" 200 113363
11:59:22,773 urllib3.connectionpool DEBUG Starting new HTTPS connection (1): i.ytimg.com:443
11:59:23,11 urllib3.connectionpool DEBUG https://i.ytimg.com:443 "GET /vi/VNBji8TbVwo/maxresdefault.jpg HTTP/1.1" 200 170650
12:00:00,460 urllib3.connectionpool DEBUG Starting new HTTPS connection (1): i.ytimg.com:443
12:00:00,620 urllib3.connectionpool DEBUG https://i.ytimg.com:443 "GET /vi/WqDdXvnNY9U/maxresdefault.jpg HTTP/1.1" 200 88908
12:00:07,497 urllib3.connectionpool DEBUG Starting new HTTPS connection (1): i.ytimg.com:443
12:00:07,639 urllib3.connectionpool DEBUG https://i.ytimg.com:443 "GET /vi/8TyRcf5ZBv0/maxresdefault.jpg HTTP/1.1" 200 167614
12:00:10,797 urllib3.connectionpool DEBUG Starting new HTTPS connection (1): i.ytimg.com:443
12:00:10,977 urllib3.connectionpool DEBUG https://i.ytimg.com:443 "GET /vi/weDhw3amU5I/maxresdefault.jpg HTTP/1.1" 200 60020
12:00:46,292 urllib3.connectionpool DEBUG Starting new HTTPS connection (1): i.ytimg.com:443
12:00:46,464 urllib3.connectionpool DEBUG https://i.ytimg.com:443 "GET /vi/Io4SX7bX95g/maxresdefault.jpg HTTP/1.1" 200 98919
12:00:57,303 urllib3.connectionpool DEBUG Starting new HTTPS connection (1): i.ytimg.com:443
12:00:57,507 urllib3.connectionpool DEBUG https://i.ytimg.com:443 "GET /vi/0EEo0xBndpk/maxresdefault.jpg HTTP/1.1" 200 46827
12:01:11,416 urllib3.connectionpool DEBUG Starting new HTTPS connection (1): i.ytimg.com:443
12:01:11,589 urllib3.connectionpool DEBUG https://i.ytimg.com:443 "GET /vi/vkALvreDJdM/maxresdefault.jpg HTTP/1.1" 404 1097
12:01:16,774 urllib3.connectionpool DEBUG Starting new HTTPS connection (1): i.ytimg.com:443
12:01:16,940 urllib3.connectionpool DEBUG https://i.ytimg.com:443 "GET /vi/Af1odyCLf9M/maxresdefault.jpg HTTP/1.1" 200 98919
12:01:49,110 urllib3.connectionpool DEBUG Starting new HTTPS connection (1): i.ytimg.com:443
12:01:49,297 urllib3.connectionpool DEBUG https://i.ytimg.com:443 "GET /vi/ywqd35FiWUc/maxresdefault.jpg HTTP/1.1" 200 155629
12:01:50,738 urllib3.connectionpool DEBUG Starting new HTTPS connection (1): i.ytimg.com:443
12:01:50,882 urllib3.connectionpool DEBUG https://i.ytimg.com:443 "GET /vi/ywqd35FiWUc/maxresdefault.jpg HTTP/1.1" 200 155629
12:01:55,35 urllib3.connectionpool DEBUG Starting new HTTPS connection (1): i.ytimg.com:443
12:01:55,218 urllib3.connectionpool DEBUG https://i.ytimg.com:443 "GET /vi/6-0kj2vDAEY/maxresdefault.jpg HTTP/1.1" 200 147130
12:01:58,383 urllib3.connectionpool DEBUG Starting new HTTPS connection (1): i.ytimg.com:443
12:01:58,942 urllib3.connectionpool DEBUG https://i.ytimg.com:443 "GET /vi/eo6yS3fFc5g/maxresdefault.jpg HTTP/1.1" 404 1097
12:02:01,361 urllib3.connectionpool DEBUG Starting new HTTPS connection (1): i.ytimg.com:443
12:02:01,588 urllib3.connectionpool DEBUG https://i.ytimg.com:443 "GET /vi/eo6yS3fFc5g/maxresdefault.jpg HTTP/1.1" 404 1097
12:02:06,485 urllib3.connectionpool DEBUG Starting new HTTPS connection (1): i.ytimg.com:443
12:02:06,635 urllib3.connectionpool DEBUG https://i.ytimg.com:443 "GET /vi/mMfxI3r_LyA/maxresdefault.jpg HTTP/1.1" 404 1097
12:02:13,668 urllib3.connectionpool DEBUG Starting new HTTPS connection (1): i.ytimg.com:443
12:02:13,817 urllib3.connectionpool DEBUG https://i.ytimg.com:443 "GET /vi/iEPsiz2nIz8/maxresdefault.jpg HTTP/1.1" 200 24657
12:02:21,643 urllib3.connectionpool DEBUG Starting new HTTPS connection (1): i.ytimg.com:443
12:02:21,831 urllib3.connectionpool DEBUG https://i.ytimg.com:443 "GET /vi/NlK9u6a69Dg/maxresdefault.jpg HTTP/1.1" 200 72556
12:02:23,488 urllib3.connectionpool DEBUG Starting new HTTPS connection (1): i.ytimg.com:443
12:02:23,630 urllib3.connectionpool DEBUG https://i.ytimg.com:443 "GET /vi/NlK9u6a69Dg/maxresdefault.jpg HTTP/1.1" 200 72556
12:02:25,889 urllib3.connectionpool DEBUG Starting new HTTPS connection (1): i.ytimg.com:443
12:02:26,32 urllib3.connectionpool DEBUG https://i.ytimg.com:443 "GET /vi/Y1_VsyLAGuk/maxresdefault.jpg HTTP/1.1" 200 98789
12:02:29,632 urllib3.connectionpool DEBUG Starting new HTTPS connection (1): i.ytimg.com:443
12:02:29,753 urllib3.connectionpool DEBUG https://i.ytimg.com:443 "GET /vi/K0HSD_i2DvA/maxresdefault.jpg HTTP/1.1" 200 115209
12:06:34,333 urllib3.connectionpool DEBUG Starting new HTTPS connection (1): i.ytimg.com:443
12:06:34,504 urllib3.connectionpool DEBUG https://i.ytimg.com:443 "GET /vi/PAzH-YAlFYc/maxresdefault.jpg HTTP/1.1" 200 65209
12:07:33,733 urllib3.connectionpool DEBUG Starting new HTTPS connection (1): i.ytimg.com:443
12:07:33,877 urllib3.connectionpool DEBUG https://i.ytimg.com:443 "GET /vi/UsWKMa8bGx8/maxresdefault.jpg HTTP/1.1" 200 150496
12:08:51,264 urllib3.connectionpool DEBUG Starting new HTTPS connection (1): i.ytimg.com:443
12:08:51,411 urllib3.connectionpool DEBUG https://i.ytimg.com:443 "GET /vi/baF6NjFZNqc/maxresdefault.jpg HTTP/1.1" 200 171164
12:08:57,137 urllib3.connectionpool DEBUG Starting new HTTPS connection (1): i.ytimg.com:443
12:08:57,275 urllib3.connectionpool DEBUG https://i.ytimg.com:443 "GET /vi/baF6NjFZNqc/maxresdefault.jpg HTTP/1.1" 200 171164
12:09:01,775 urllib3.connectionpool DEBUG Starting new HTTPS connection (1): i.ytimg.com:443
12:09:01,906 urllib3.connectionpool DEBUG https://i.ytimg.com:443 "GET /vi/YJVmu6yttiw/maxresdefault.jpg HTTP/1.1" 404 1097
12:09:09,659 urllib3.connectionpool DEBUG Starting new HTTPS connection (1): i.ytimg.com:443
12:09:09,800 urllib3.connectionpool DEBUG https://i.ytimg.com:443 "GET /vi/YJVmu6yttiw/maxresdefault.jpg HTTP/1.1" 404 1097
12:12:48,929 urllib3.connectionpool DEBUG Starting new HTTPS connection (1): i.ytimg.com:443
12:12:49,97 urllib3.connectionpool DEBUG https://i.ytimg.com:443 "GET /vi/4NRXx6U8ABQ/maxresdefault.jpg HTTP/1.1" 200 59822
12:13:18,101 urllib3.connectionpool DEBUG Starting new HTTPS connection (1): i.ytimg.com:443
12:13:18,276 urllib3.connectionpool DEBUG https://i.ytimg.com:443 "GET /vi/8TyRcf5ZBv0/maxresdefault.jpg HTTP/1.1" 200 167614
12:16:03,588 eyed3 DEBUG eyeD3 version 0.9.6
12:16:10,404 urllib3.connectionpool DEBUG Starting new HTTPS connection (1): i.ytimg.com:443
12:16:10,584 urllib3.connectionpool DEBUG https://i.ytimg.com:443 "GET /vi/CCHNulFsUhc/maxresdefault.jpg HTTP/1.1" 200 62280
12:16:15,848 urllib3.connectionpool DEBUG Starting new HTTPS connection (1): i.ytimg.com:443
12:16:16,51 urllib3.connectionpool DEBUG https://i.ytimg.com:443 "GET /vi/CCHNulFsUhc/maxresdefault.jpg HTTP/1.1" 200 62280
12:16:16,668 urllib3.connectionpool DEBUG Starting new HTTPS connection (1): i.ytimg.com:443
12:16:16,815 urllib3.connectionpool DEBUG https://i.ytimg.com:443 "GET /vi/CCHNulFsUhc/maxresdefault.jpg HTTP/1.1" 200 62280
12:16:18,913 urllib3.connectionpool DEBUG Starting new HTTPS connection (1): i.ytimg.com:443
12:16:19,33 urllib3.connectionpool DEBUG https://i.ytimg.com:443 "GET /vi/CCHNulFsUhc/maxresdefault.jpg HTTP/1.1" 200 62280
12:16:19,954 urllib3.connectionpool DEBUG Starting new HTTPS connection (1): i.ytimg.com:443
12:16:20,97 urllib3.connectionpool DEBUG https://i.ytimg.com:443 "GET /vi/CCHNulFsUhc/maxresdefault.jpg HTTP/1.1" 200 62280
12:16:26,871 urllib3.connectionpool DEBUG Starting new HTTPS connection (1): i.ytimg.com:443
12:16:27,45 urllib3.connectionpool DEBUG https://i.ytimg.com:443 "GET /vi/HggeMrxOKDI/maxresdefault.jpg HTTP/1.1" 200 62532
12:16:29,898 urllib3.connectionpool DEBUG Starting new HTTPS connection (1): i.ytimg.com:443
12:16:30,52 urllib3.connectionpool DEBUG https://i.ytimg.com:443 "GET /vi/_ovdm2yX4MA/maxresdefault.jpg HTTP/1.1" 200 88536
12:16:37,284 urllib3.connectionpool DEBUG Starting new HTTPS connection (1): i.ytimg.com:443
12:16:37,820 urllib3.connectionpool DEBUG https://i.ytimg.com:443 "GET /vi/RXLzvo6kvVQ/maxresdefault.jpg HTTP/1.1" 404 1097
12:16:41,164 urllib3.connectionpool DEBUG Starting new HTTPS connection (1): i.ytimg.com:443
12:16:41,306 urllib3.connectionpool DEBUG https://i.ytimg.com:443 "GET /vi/I622AaEZ1l4/maxresdefault.jpg HTTP/1.1" 200 31667
12:17:04,122 urllib3.connectionpool DEBUG Starting new HTTPS connection (1): i.ytimg.com:443
12:17:04,356 urllib3.connectionpool DEBUG https://i.ytimg.com:443 "GET /vi/K9RCwFckQ-Y/maxresdefault.jpg HTTP/1.1" 200 89956
12:17:07,411 urllib3.connectionpool DEBUG Starting new HTTPS connection (1): i.ytimg.com:443
12:17:07,577 urllib3.connectionpool DEBUG https://i.ytimg.com:443 "GET /vi/GdphrtnHIKs/maxresdefault.jpg HTTP/1.1" 200 347840
12:21:29,164 urllib3.connectionpool DEBUG Starting new HTTPS connection (1): i.ytimg.com:443
12:21:29,350 urllib3.connectionpool DEBUG https://i.ytimg.com:443 "GET /vi/O4Lsah7bEJY/maxresdefault.jpg HTTP/1.1" 200 276014
12:22:12,886 urllib3.connectionpool DEBUG Starting new HTTPS connection (1): i.ytimg.com:443
12:22:13,28 urllib3.connectionpool DEBUG https://i.ytimg.com:443 "GET /vi/O4Lsah7bEJY/maxresdefault.jpg HTTP/1.1" 200 276014
12:23:49,502 urllib3.connectionpool DEBUG Starting new HTTPS connection (1): i.ytimg.com:443
12:23:49,649 urllib3.connectionpool DEBUG https://i.ytimg.com:443 "GET /vi/O4Lsah7bEJY/maxresdefault.jpg HTTP/1.1" 200 276014
12:23:53,620 urllib3.connectionpool DEBUG Starting new HTTPS connection (1): i.ytimg.com:443
12:23:53,765 urllib3.connectionpool DEBUG https://i.ytimg.com:443 "GET /vi/Hh5jEQraXaw/maxresdefault.jpg HTTP/1.1" 200 174353
12:23:56,870 urllib3.connectionpool DEBUG Starting new HTTPS connection (1): i.ytimg.com:443
12:23:57,54 urllib3.connectionpool DEBUG https://i.ytimg.com:443 "GET /vi/C4Iow9FFZxE/maxresdefault.jpg HTTP/1.1" 200 48357
12:24:10,878 urllib3.connectionpool DEBUG Starting new HTTPS connection (1): i.ytimg.com:443
12:24:11,48 urllib3.connectionpool DEBUG https://i.ytimg.com:443 "GET /vi/TaySTpSqhdA/maxresdefault.jpg HTTP/1.1" 200 189006
12:24:52,897 urllib3.connectionpool DEBUG Starting new HTTPS connection (1): i.ytimg.com:443
12:24:53,80 urllib3.connectionpool DEBUG https://i.ytimg.com:443 "GET /vi/ZEGZQijAS-I/maxresdefault.jpg HTTP/1.1" 200 189006
12:24:56,513 urllib3.connectionpool DEBUG Starting new HTTPS connection (1): i.ytimg.com:443
12:24:56,714 urllib3.connectionpool DEBUG https://i.ytimg.com:443 "GET /vi/PELXdb5xQS8/maxresdefault.jpg HTTP/1.1" 200 83283
12:26:31,723 urllib3.connectionpool DEBUG Starting new HTTPS connection (1): i.ytimg.com:443
12:26:31,844 urllib3.connectionpool DEBUG https://i.ytimg.com:443 "GET /vi/1mrGdGMNsv0/maxresdefault.jpg HTTP/1.1" 200 27476
12:27:20,150 urllib3.connectionpool DEBUG Starting new HTTPS connection (1): i.ytimg.com:443
12:27:20,314 urllib3.connectionpool DEBUG https://i.ytimg.com:443 "GET /vi/ZEGZQijAS-I/maxresdefault.jpg HTTP/1.1" 200 189006
12:27:23,908 urllib3.connectionpool DEBUG Starting new HTTPS connection (1): i.ytimg.com:443
12:27:24,60 urllib3.connectionpool DEBUG https://i.ytimg.com:443 "GET /vi/I622AaEZ1l4/maxresdefault.jpg HTTP/1.1" 200 31667
12:27:28,993 urllib3.connectionpool DEBUG Starting new HTTPS connection (1): i.ytimg.com:443
12:27:30,40 urllib3.connectionpool DEBUG https://i.ytimg.com:443 "GET /vi/5cmlgvekbYY/maxresdefault.jpg HTTP/1.1" 404 1097
12:31:15,87 urllib3.connectionpool DEBUG Starting new HTTPS connection (1): i.ytimg.com:443
12:31:15,278 urllib3.connectionpool DEBUG https://i.ytimg.com:443 "GET /vi/TaySTpSqhdA/maxresdefault.jpg HTTP/1.1" 200 189006
12:31:55,633 urllib3.connectionpool DEBUG Starting new HTTPS connection (1): i.ytimg.com:443
12:31:55,783 urllib3.connectionpool DEBUG https://i.ytimg.com:443 "GET /vi/ZEGZQijAS-I/maxresdefault.jpg HTTP/1.1" 200 189006
12:32:00,894 urllib3.connectionpool DEBUG Starting new HTTPS connection (1): i.ytimg.com:443
12:32:01,66 urllib3.connectionpool DEBUG https://i.ytimg.com:443 "GET /vi/4KHLOjzaryg/maxresdefault.jpg HTTP/1.1" 200 131440
12:32:12,901 urllib3.connectionpool DEBUG Starting new HTTPS connection (1): i.ytimg.com:443
12:32:13,47 urllib3.connectionpool DEBUG https://i.ytimg.com:443 "GET /vi/fBM-Ld2YyRw/maxresdefault.jpg HTTP/1.1" 200 115429
12:35:07,196 urllib3.connectionpool DEBUG Starting new HTTPS connection (1): i.ytimg.com:443
12:35:07,347 urllib3.connectionpool DEBUG https://i.ytimg.com:443 "GET /vi/59fzO8BIwDg/maxresdefault.jpg HTTP/1.1" 200 283458
12:35:12,418 urllib3.connectionpool DEBUG Starting new HTTPS connection (1): i.ytimg.com:443
12:35:12,562 urllib3.connectionpool DEBUG https://i.ytimg.com:443 "GET /vi/ffvl9lGGLvg/maxresdefault.jpg HTTP/1.1" 200 327832
12:37:50,570 urllib3.connectionpool DEBUG Starting new HTTPS connection (1): i.ytimg.com:443
12:37:50,715 urllib3.connectionpool DEBUG https://i.ytimg.com:443 "GET /vi/Jl2qv2HrwX4/maxresdefault.jpg HTTP/1.1" 200 37035
12:40:00,326 eyed3 DEBUG eyeD3 version 0.9.6
12:40:00,413 asyncio DEBUG Using proactor: IocpProactor
12:40:59,581 eyed3 DEBUG eyeD3 version 0.9.6
12:40:59,622 asyncio DEBUG Using proactor: IocpProactor
12:42:31,645 eyed3 DEBUG eyeD3 version 0.9.6
12:42:31,685 asyncio DEBUG Using proactor: IocpProactor
12:42:44,772 eyed3 DEBUG eyeD3 version 0.9.6
12:42:44,811 asyncio DEBUG Using proactor: IocpProactor
12:43:28,981 eyed3 DEBUG eyeD3 version 0.9.6
12:43:29,23 asyncio DEBUG Using proactor: IocpProactor
12:43:35,250 urllib3.connectionpool DEBUG Starting new HTTPS connection (1): i.ytimg.com:443
12:43:35,406 urllib3.connectionpool DEBUG https://i.ytimg.com:443 "GET /vi/DdXHTVUalRU/maxresdefault.jpg HTTP/1.1" 200 105020
12:44:40,891 eyed3 DEBUG eyeD3 version 0.9.6
12:44:40,932 asyncio DEBUG Using proactor: IocpProactor
12:44:47,269 urllib3.connectionpool DEBUG Starting new HTTPS connection (1): i.ytimg.com:443
12:44:47,437 urllib3.connectionpool DEBUG https://i.ytimg.com:443 "GET /vi/1iG3772IF0g/maxresdefault.jpg HTTP/1.1" 200 202120
12:45:25,323 eyed3 DEBUG eyeD3 version 0.9.6
12:45:25,363 asyncio DEBUG Using proactor: IocpProactor
12:45:33,737 eyed3 DEBUG eyeD3 version 0.9.6
12:45:33,778 asyncio DEBUG Using proactor: IocpProactor
12:45:40,290 urllib3.connectionpool DEBUG Starting new HTTPS connection (1): i.ytimg.com:443
12:45:40,503 urllib3.connectionpool DEBUG https://i.ytimg.com:443 "GET /vi/qwc4bmdsmpQ/maxresdefault.jpg HTTP/1.1" 200 36221
12:46:24,361 eyed3 DEBUG eyeD3 version 0.9.6
12:46:24,400 asyncio DEBUG Using proactor: IocpProactor
12:46:29,644 urllib3.connectionpool DEBUG Starting new HTTPS connection (1): i.ytimg.com:443
12:46:29,795 urllib3.connectionpool DEBUG https://i.ytimg.com:443 "GET /vi/DdXHTVUalRU/maxresdefault.jpg HTTP/1.1" 200 105020
12:47:11,928 eyed3 DEBUG eyeD3 version 0.9.6
12:47:11,967 asyncio DEBUG Using proactor: IocpProactor
12:47:19,533 urllib3.connectionpool DEBUG Starting new HTTPS connection (1): i.ytimg.com:443
12:47:19,752 urllib3.connectionpool DEBUG https://i.ytimg.com:443 "GET /vi/O1wiCt7_bqo/maxresdefault.jpg HTTP/1.1" 200 121250
12:47:50,419 eyed3 DEBUG eyeD3 version 0.9.6
12:47:50,458 asyncio DEBUG Using proactor: IocpProactor
12:47:55,662 urllib3.connectionpool DEBUG Starting new HTTPS connection (1): i.ytimg.com:443
12:47:55,807 urllib3.connectionpool DEBUG https://i.ytimg.com:443 "GET /vi/DdXHTVUalRU/maxresdefault.jpg HTTP/1.1" 200 105020
12:48:19,114 urllib3.connectionpool DEBUG Starting new HTTPS connection (1): i.ytimg.com:443
12:48:19,264 urllib3.connectionpool DEBUG https://i.ytimg.com:443 "GET /vi/PpocxtjYk38/maxresdefault.jpg HTTP/1.1" 200 94962
12:49:15,723 urllib3.connectionpool DEBUG Starting new HTTPS connection (1): i.ytimg.com:443
12:49:15,906 urllib3.connectionpool DEBUG https://i.ytimg.com:443 "GET /vi/d6SQb0WTrlA/maxresdefault.jpg HTTP/1.1" 200 120453
12:49:49,647 eyed3 DEBUG eyeD3 version 0.9.6
12:49:49,688 asyncio DEBUG Using proactor: IocpProactor
12:49:53,647 urllib3.connectionpool DEBUG Starting new HTTPS connection (1): i.ytimg.com:443
12:49:53,806 urllib3.connectionpool DEBUG https://i.ytimg.com:443 "GET /vi/d6SQb0WTrlA/maxresdefault.jpg HTTP/1.1" 200 120453
12:50:48,352 eyed3 DEBUG eyeD3 version 0.9.6
12:50:48,393 asyncio DEBUG Using proactor: IocpProactor
12:50:54,232 urllib3.connectionpool DEBUG Starting new HTTPS connection (1): i.ytimg.com:443
12:50:54,407 urllib3.connectionpool DEBUG https://i.ytimg.com:443 "GET /vi/PpocxtjYk38/maxresdefault.jpg HTTP/1.1" 200 94962
12:51:09,566 urllib3.connectionpool DEBUG Starting new HTTPS connection (1): i.ytimg.com:443
12:51:09,709 urllib3.connectionpool DEBUG https://i.ytimg.com:443 "GET /vi/Rd5u80bLk7Y/maxresdefault.jpg HTTP/1.1" 200 169111
12:51:54,73 eyed3 DEBUG eyeD3 version 0.9.6
12:51:54,114 asyncio DEBUG Using proactor: IocpProactor
12:52:05,139 urllib3.connectionpool DEBUG Starting new HTTPS connection (1): i.ytimg.com:443
12:52:05,310 urllib3.connectionpool DEBUG https://i.ytimg.com:443 "GET /vi/2qAXtXp4ntA/maxresdefault.jpg HTTP/1.1" 200 126676
12:52:30,640 eyed3 DEBUG eyeD3 version 0.9.6
12:52:30,681 asyncio DEBUG Using proactor: IocpProactor
12:52:39,357 urllib3.connectionpool DEBUG Starting new HTTPS connection (1): i.ytimg.com:443
12:52:39,500 urllib3.connectionpool DEBUG https://i.ytimg.com:443 "GET /vi/fBM-Ld2YyRw/maxresdefault.jpg HTTP/1.1" 200 115429
12:55:13,804 urllib3.connectionpool DEBUG Starting new HTTPS connection (1): i.ytimg.com:443
12:55:13,956 urllib3.connectionpool DEBUG https://i.ytimg.com:443 "GET /vi/59fzO8BIwDg/maxresdefault.jpg HTTP/1.1" 200 283458
12:55:19,410 urllib3.connectionpool DEBUG Starting new HTTPS connection (1): i.ytimg.com:443
12:55:19,652 urllib3.connectionpool DEBUG https://i.ytimg.com:443 "GET /vi/m4hr-C4QU1A/maxresdefault.jpg HTTP/1.1" 200 63408
12:55:30,392 urllib3.connectionpool DEBUG Starting new HTTPS connection (1): i.ytimg.com:443
12:55:30,605 urllib3.connectionpool DEBUG https://i.ytimg.com:443 "GET /vi/ZeP0dKhSgXE/maxresdefault.jpg HTTP/1.1" 200 63408
12:55:36,313 urllib3.connectionpool DEBUG Starting new HTTPS connection (1): i.ytimg.com:443
12:55:36,442 urllib3.connectionpool DEBUG https://i.ytimg.com:443 "GET /vi/pzXl473KgEo/maxresdefault.jpg HTTP/1.1" 200 67463
12:55:45,719 urllib3.connectionpool DEBUG Starting new HTTPS connection (1): i.ytimg.com:443
12:55:45,856 urllib3.connectionpool DEBUG https://i.ytimg.com:443 "GET /vi/gGBcowFV_pc/maxresdefault.jpg HTTP/1.1" 200 102066
12:55:55,673 urllib3.connectionpool DEBUG Starting new HTTPS connection (1): i.ytimg.com:443
12:55:55,847 urllib3.connectionpool DEBUG https://i.ytimg.com:443 "GET /vi/V_wmcAxQdb0/maxresdefault.jpg HTTP/1.1" 200 164614
12:56:06,989 urllib3.connectionpool DEBUG Starting new HTTPS connection (1): i.ytimg.com:443
12:56:07,137 urllib3.connectionpool DEBUG https://i.ytimg.com:443 "GET /vi/RiC3pI5H-Ak/maxresdefault.jpg HTTP/1.1" 200 17547
12:59:20,959 urllib3.connectionpool DEBUG Starting new HTTPS connection (1): i.ytimg.com:443
12:59:21,200 urllib3.connectionpool DEBUG https://i.ytimg.com:443 "GET /vi/uiEsuh1Jdec/maxresdefault.jpg HTTP/1.1" 200 17547
12:59:37,71 urllib3.connectionpool DEBUG Starting new HTTPS connection (1): i.ytimg.com:443
12:59:37,222 urllib3.connectionpool DEBUG https://i.ytimg.com:443 "GET /vi/f27kZ4Pe9ok/maxresdefault.jpg HTTP/1.1" 200 189006
13:00:06,980 urllib3.connectionpool DEBUG Starting new HTTPS connection (1): i.ytimg.com:443
13:00:07,126 urllib3.connectionpool DEBUG https://i.ytimg.com:443 "GET /vi/ns9hFcH-glQ/maxresdefault.jpg HTTP/1.1" 200 75530
13:01:42,153 urllib3.connectionpool DEBUG Starting new HTTPS connection (1): i.ytimg.com:443
13:01:42,324 urllib3.connectionpool DEBUG https://i.ytimg.com:443 "GET /vi/K0HSD_i2DvA/maxresdefault.jpg HTTP/1.1" 200 115209
13:01:48,528 urllib3.connectionpool DEBUG Starting new HTTPS connection (1): i.ytimg.com:443
13:01:48,659 urllib3.connectionpool DEBUG https://i.ytimg.com:443 "GET /vi/HO6ebtWczX8/maxresdefault.jpg HTTP/1.1" 404 1097
13:02:08,496 eyed3 DEBUG eyeD3 version 0.9.6
13:02:08,537 asyncio DEBUG Using proactor: IocpProactor
13:02:20,299 urllib3.connectionpool DEBUG Starting new HTTPS connection (1): i.ytimg.com:443
13:02:20,467 urllib3.connectionpool DEBUG https://i.ytimg.com:443 "GET /vi/yp3lAniL9h4/maxresdefault.jpg HTTP/1.1" 200 51020
13:03:28,245 eyed3 DEBUG eyeD3 version 0.9.6
13:03:28,285 asyncio DEBUG Using proactor: IocpProactor
13:03:34,817 eyed3 DEBUG eyeD3 version 0.9.6
13:03:34,860 asyncio DEBUG Using proactor: IocpProactor
13:03:41,27 urllib3.connectionpool DEBUG Starting new HTTPS connection (1): i.ytimg.com:443
13:03:41,180 urllib3.connectionpool DEBUG https://i.ytimg.com:443 "GET /vi/2qAXtXp4ntA/maxresdefault.jpg HTTP/1.1" 200 126676
13:04:28,335 urllib3.connectionpool DEBUG Starting new HTTPS connection (1): i.ytimg.com:443
13:04:28,522 urllib3.connectionpool DEBUG https://i.ytimg.com:443 "GET /vi/KRWlw0M-rdw/maxresdefault.jpg HTTP/1.1" 200 87698
13:05:55,358 urllib3.connectionpool DEBUG Starting new HTTPS connection (1): i.ytimg.com:443
13:05:55,503 urllib3.connectionpool DEBUG https://i.ytimg.com:443 "GET /vi/Cp97ykO2ulA/maxresdefault.jpg HTTP/1.1" 200 157474
13:07:40,454 urllib3.connectionpool DEBUG Starting new HTTPS connection (1): i.ytimg.com:443
13:07:40,629 urllib3.connectionpool DEBUG https://i.ytimg.com:443 "GET /vi/rc1z0yREyUA/maxresdefault.jpg HTTP/1.1" 200 105020
13:11:44,105 urllib3.connectionpool DEBUG Starting new HTTPS connection (1): i.ytimg.com:443
13:11:44,276 urllib3.connectionpool DEBUG https://i.ytimg.com:443 "GET /vi/vyf9MlWU-kw/maxresdefault.jpg HTTP/1.1" 200 42251
13:13:07,464 eyed3 DEBUG eyeD3 version 0.9.6
13:13:07,505 asyncio DEBUG Using proactor: IocpProactor
13:16:11,324 eyed3 DEBUG eyeD3 version 0.9.6
13:16:11,364 asyncio DEBUG Using proactor: IocpProactor
13:23:34,908 root INFO starting...
13:23:35,211 eyed3 DEBUG eyeD3 version 0.9.6
13:23:35,251 asyncio DEBUG Using proactor: IocpProactor
13:24:12,232 root INFO starting...
13:24:16,424 root INFO starting...
13:24:50,618 root INFO starting...
13:25:37,357 root INFO starting...
13:25:54,453 root INFO starting...
13:26:03,419 root INFO starting...
13:26:15,116 root INFO starting...
13:26:21,457 root INFO starting...
13:28:37,944 root INFO starting...
13:28:38,292 eyed3 DEBUG eyeD3 version 0.9.6
13:28:38,338 asyncio DEBUG Using proactor: IocpProactor
13:28:53,331 urllib3.connectionpool DEBUG Starting new HTTPS connection (1): i.ytimg.com:443
13:28:53,497 urllib3.connectionpool DEBUG https://i.ytimg.com:443 "GET /vi/DdXHTVUalRU/maxresdefault.jpg HTTP/1.1" 200 105020
13:29:58,259 root INFO starting...
13:29:58,612 eyed3 DEBUG eyeD3 version 0.9.6
13:29:58,657 asyncio DEBUG Using proactor: IocpProactor
13:29:58,935 root INFO Starting Core MSMP
13:30:00,493 root INFO ========
13:30:00,507 root INFO Bayside (Radio Edit)
Obskur - Topic
13:30:00,512 root INFO ==
13:30:00,569 root INFO True
13:30:08,664 root INFO [youtube] Extracting URL: 120qslVb4sA
13:30:08,668 root INFO [youtube] 120qslVb4sA: Downloading webpage
13:30:09,233 root INFO [youtube] 120qslVb4sA: Downloading android player API JSON
13:30:09,694 urllib3.connectionpool DEBUG Starting new HTTPS connection (1): i.ytimg.com:443
13:30:09,860 urllib3.connectionpool DEBUG https://i.ytimg.com:443 "GET /vi/120qslVb4sA/maxresdefault.jpg HTTP/1.1" 200 127403
13:30:09,942 root INFO Update icon
13:30:09,945 root INFO False
13:30:23,731 root INFO starting...
13:30:24,78 eyed3 DEBUG eyeD3 version 0.9.6
13:30:24,122 asyncio DEBUG Using proactor: IocpProactor
13:30:29,990 urllib3.connectionpool DEBUG Starting new HTTPS connection (1): i.ytimg.com:443
13:30:30,142 urllib3.connectionpool DEBUG https://i.ytimg.com:443 "GET /vi/wVghU_kYeXU/maxresdefault.jpg HTTP/1.1" 200 130471
13:31:26,55 root INFO starting...
13:31:26,397 eyed3 DEBUG eyeD3 version 0.9.6
13:31:26,442 asyncio DEBUG Using proactor: IocpProactor
13:31:31,618 urllib3.connectionpool DEBUG Starting new HTTPS connection (1): i.ytimg.com:443
13:31:31,815 urllib3.connectionpool DEBUG https://i.ytimg.com:443 "GET /vi/2qAXtXp4ntA/maxresdefault.jpg HTTP/1.1" 200 126676
13:32:07,862 root INFO starting...
13:32:08,205 eyed3 DEBUG eyeD3 version 0.9.6
13:32:08,249 asyncio DEBUG Using proactor: IocpProactor
13:32:10,737 root DEBUG [youtube] Extracting URL: 2qAXtXp4ntA
13:32:10,755 root DEBUG [youtube] 2qAXtXp4ntA: Downloading webpage
13:32:11,284 root DEBUG [youtube] 2qAXtXp4ntA: Downloading android player API JSON
13:32:11,511 urllib3.connectionpool DEBUG Starting new HTTPS connection (1): i.ytimg.com:443
13:32:11,654 urllib3.connectionpool DEBUG https://i.ytimg.com:443 "GET /vi/2qAXtXp4ntA/maxresdefault.jpg HTTP/1.1" 200 126676
13:32:15,984 root DEBUG [youtube] Extracting URL: Jp0mdYBkzKU
13:32:16,28 root DEBUG [youtube] Jp0mdYBkzKU: Downloading webpage
13:32:16,553 root DEBUG [youtube] Jp0mdYBkzKU: Downloading android player API JSON
13:32:17,48 urllib3.connectionpool DEBUG Starting new HTTPS connection (1): i.ytimg.com:443
13:32:17,235 urllib3.connectionpool DEBUG https://i.ytimg.com:443 "GET /vi/Jp0mdYBkzKU/maxresdefault.jpg HTTP/1.1" 200 105020
13:32:27,150 root DEBUG [youtube] Extracting URL: XeiR1w236yo
13:32:27,154 root DEBUG [youtube] XeiR1w236yo: Downloading webpage
13:32:27,637 root DEBUG [youtube] XeiR1w236yo: Downloading android player API JSON
13:32:28,184 urllib3.connectionpool DEBUG Starting new HTTPS connection (1): i.ytimg.com:443
13:32:28,384 urllib3.connectionpool DEBUG https://i.ytimg.com:443 "GET /vi/XeiR1w236yo/maxresdefault.jpg HTTP/1.1" 200 86702
13:32:39,127 root DEBUG [youtube] Extracting URL: Rd5u80bLk7Y
13:32:39,151 root DEBUG [youtube] Rd5u80bLk7Y: Downloading webpage
13:32:39,802 root DEBUG [youtube] Rd5u80bLk7Y: Downloading android player API JSON
13:32:40,60 urllib3.connectionpool DEBUG Starting new HTTPS connection (1): i.ytimg.com:443
13:32:40,254 urllib3.connectionpool DEBUG https://i.ytimg.com:443 "GET /vi/Rd5u80bLk7Y/maxresdefault.jpg HTTP/1.1" 200 169111
13:34:08,489 root DEBUG [youtube] Extracting URL: 1iG3772IF0g
13:34:08,493 root DEBUG [youtube] 1iG3772IF0g: Downloading webpage
13:34:09,78 root DEBUG [youtube] 1iG3772IF0g: Downloading android player API JSON
13:34:09,591 urllib3.connectionpool DEBUG Starting new HTTPS connection (1): i.ytimg.com:443
13:34:09,800 urllib3.connectionpool DEBUG https://i.ytimg.com:443 "GET /vi/1iG3772IF0g/maxresdefault.jpg HTTP/1.1" 200 202120
13:34:13,513 root DEBUG [youtube] Extracting URL: lMYIQz8VS4s
13:34:13,554 root DEBUG [youtube] lMYIQz8VS4s: Downloading webpage
13:34:14,120 root DEBUG [youtube] lMYIQz8VS4s: Downloading android player API JSON
13:34:14,630 urllib3.connectionpool DEBUG Starting new HTTPS connection (1): i.ytimg.com:443
13:34:14,808 urllib3.connectionpool DEBUG https://i.ytimg.com:443 "GET /vi/lMYIQz8VS4s/maxresdefault.jpg HTTP/1.1" 200 123265
